[debug] [2022-02-03T15:13:53.596Z] ----------------------------------------------------------------------
[debug] [2022-02-03T15:13:53.600Z] Command:       C:\Program Files (x86)\nodejs\node.exe C:\Users\priyanshu kumar\AppData\Roaming\npm\node_modules\firebase-tools\lib\bin\firebase.js init
[debug] [2022-02-03T15:13:53.601Z] CLI Version:   10.1.4
[debug] [2022-02-03T15:13:53.601Z] Platform:      win32
[debug] [2022-02-03T15:13:53.601Z] Node Version:  v14.17.0
[debug] [2022-02-03T15:13:53.604Z] Time:          Thu Feb 03 2022 20:43:53 GMT+0530 (India Standard Time)
[debug] [2022-02-03T15:13:53.605Z] ----------------------------------------------------------------------
[debug] 
[debug] [2022-02-03T15:13:53.612Z] >>> [apiv2][query] GET https://firebase-public.firebaseio.com/cli.json [none]
[debug] [2022-02-03T15:13:53.800Z] > command requires scopes: ["email","openid","https://www.googleapis.com/auth/cloudplatformprojects.readonly","https://www.googleapis.com/auth/firebase","https://www.googleapis.com/auth/cloud-platform"]
[debug] [2022-02-03T15:13:53.801Z] > authorizing via signed-in user (priyanshukumar345678@gmail.com)
[info] 
     ######## #### ########  ######## ########     ###     ######  ########
     ##        ##  ##     ## ##       ##     ##  ##   ##  ##       ##
     ######    ##  ########  ######   ########  #########  ######  ######
     ##        ##  ##    ##  ##       ##     ## ##     ##       ## ##
     ##       #### ##     ## ######## ########  ##     ##  ######  ########

You're about to initialize a Firebase project in this directory:

  C:\web development

Before we get started, keep in mind:

  * You are currently outside your home directory
  * You are initializing within an existing Firebase project directory

